[ 2015-03-19T09:17:23+08:00 ] 127.0.0.1 /shop/
INFO: [ app_init ] --START--
INFO: Run Behavior\BuildLiteBehavior [ RunTime:0.001000s ]
INFO: [ app_init ] --END-- [ RunTime:0.003000s ]

[ 2015-03-19T09:17:28+08:00 ] 127.0.0.1 /shop/index.php/home/Index/kind
INFO: [ app_init ] --START--
INFO: Run Behavior\BuildLiteBehavior [ RunTime:0.000000s ]
INFO: [ app_init ] --END-- [ RunTime:0.000000s ]
INFO: [ app_begin ] --START--
INFO: Run Behavior\ReadHtmlCacheBehavior [ RunTime:0.001000s ]
INFO: [ app_begin ] --END-- [ RunTime:0.001000s ]
SQL: 
			select 
				* 
			from 
				shop
			where kind=4 [ RunTime:0.0010s ]

[ 2015-03-19T09:17:29+08:00 ] 127.0.0.1 /shop/index.php/home/Index/kind
INFO: [ app_init ] --START--
INFO: Run Behavior\BuildLiteBehavior [ RunTime:0.000000s ]
INFO: [ app_init ] --END-- [ RunTime:0.000000s ]
INFO: [ app_begin ] --START--
INFO: Run Behavior\ReadHtmlCacheBehavior [ RunTime:0.002000s ]
INFO: [ app_begin ] --END-- [ RunTime:0.002000s ]
SQL: 
			select 
				* 
			from 
				shop
			where kind=4 [ RunTime:0.0000s ]

[ 2015-03-19T09:17:30+08:00 ] 127.0.0.1 /shop/index.php/home/Index/kind
INFO: [ app_init ] --START--
INFO: Run Behavior\BuildLiteBehavior [ RunTime:0.000000s ]
INFO: [ app_init ] --END-- [ RunTime:0.000000s ]
INFO: [ app_begin ] --START--
INFO: Run Behavior\ReadHtmlCacheBehavior [ RunTime:0.000000s ]
INFO: [ app_begin ] --END-- [ RunTime:0.000000s ]
SQL: 
			select 
				* 
			from 
				shop
			where kind=2 [ RunTime:0.0000s ]

[ 2015-03-19T09:17:30+08:00 ] 127.0.0.1 /shop/index.php/home/Index/kind
INFO: [ app_init ] --START--
INFO: Run Behavior\BuildLiteBehavior [ RunTime:0.000000s ]
INFO: [ app_init ] --END-- [ RunTime:0.000000s ]
INFO: [ app_begin ] --START--
INFO: Run Behavior\ReadHtmlCacheBehavior [ RunTime:0.000000s ]
INFO: [ app_begin ] --END-- [ RunTime:0.000000s ]
SQL: 
			select 
				* 
			from 
				shop
			where kind=2 [ RunTime:0.0000s ]

[ 2015-03-19T09:17:30+08:00 ] 127.0.0.1 /shop/index.php/home/Index/kind
INFO: [ app_init ] --START--
INFO: Run Behavior\BuildLiteBehavior [ RunTime:0.000000s ]
INFO: [ app_init ] --END-- [ RunTime:0.001000s ]
INFO: [ app_begin ] --START--
INFO: Run Behavior\ReadHtmlCacheBehavior [ RunTime:0.000000s ]
INFO: [ app_begin ] --END-- [ RunTime:0.001000s ]
SQL: 
			select 
				* 
			from 
				shop
			where kind=3 [ RunTime:0.0000s ]

[ 2015-03-19T09:17:30+08:00 ] 127.0.0.1 /shop/index.php/home/Index/kind
INFO: [ app_init ] --START--
INFO: Run Behavior\BuildLiteBehavior [ RunTime:0.000000s ]
INFO: [ app_init ] --END-- [ RunTime:0.000000s ]
INFO: [ app_begin ] --START--
INFO: Run Behavior\ReadHtmlCacheBehavior [ RunTime:0.000000s ]
INFO: [ app_begin ] --END-- [ RunTime:0.000000s ]
SQL: 
			select 
				* 
			from 
				shop
			where kind=3 [ RunTime:0.0000s ]

[ 2015-03-19T09:17:30+08:00 ] 127.0.0.1 /shop/index.php/home/Index/kind
INFO: [ app_init ] --START--
INFO: Run Behavior\BuildLiteBehavior [ RunTime:0.000000s ]
INFO: [ app_init ] --END-- [ RunTime:0.001000s ]
INFO: [ app_begin ] --START--
INFO: Run Behavior\ReadHtmlCacheBehavior [ RunTime:0.001000s ]
INFO: [ app_begin ] --END-- [ RunTime:0.001000s ]
SQL: 
			select 
				* 
			from 
				shop
			where kind=4 [ RunTime:0.0000s ]

[ 2015-03-19T09:17:30+08:00 ] 127.0.0.1 /shop/index.php/home/Index/kind
INFO: [ app_init ] --START--
INFO: Run Behavior\BuildLiteBehavior [ RunTime:0.000000s ]
INFO: [ app_init ] --END-- [ RunTime:0.001000s ]
INFO: [ app_begin ] --START--
INFO: Run Behavior\ReadHtmlCacheBehavior [ RunTime:0.001000s ]
INFO: [ app_begin ] --END-- [ RunTime:0.001000s ]
SQL: 
			select 
				* 
			from 
				shop
			where kind=4 [ RunTime:0.0000s ]

[ 2015-03-19T09:17:30+08:00 ] 127.0.0.1 /shop/index.php/home/Index/kind
INFO: [ app_init ] --START--
INFO: Run Behavior\BuildLiteBehavior [ RunTime:0.000000s ]
INFO: [ app_init ] --END-- [ RunTime:0.000000s ]
INFO: [ app_begin ] --START--
INFO: Run Behavior\ReadHtmlCacheBehavior [ RunTime:0.001000s ]
INFO: [ app_begin ] --END-- [ RunTime:0.001000s ]
SQL: 
			select 
				* 
			from 
				shop
			where kind=5 [ RunTime:0.0000s ]

[ 2015-03-19T09:17:30+08:00 ] 127.0.0.1 /shop/index.php/home/Index/kind
INFO: [ app_init ] --START--
INFO: Run Behavior\BuildLiteBehavior [ RunTime:0.000000s ]
INFO: [ app_init ] --END-- [ RunTime:0.000000s ]
INFO: [ app_begin ] --START--
INFO: Run Behavior\ReadHtmlCacheBehavior [ RunTime:0.001000s ]
INFO: [ app_begin ] --END-- [ RunTime:0.001000s ]
SQL: 
			select 
				* 
			from 
				shop
			where kind=6 [ RunTime:0.0000s ]

[ 2015-03-19T09:17:30+08:00 ] 127.0.0.1 /shop/index.php/home/Index/kind
INFO: [ app_init ] --START--
INFO: Run Behavior\BuildLiteBehavior [ RunTime:0.000000s ]
INFO: [ app_init ] --END-- [ RunTime:0.000000s ]
INFO: [ app_begin ] --START--
INFO: Run Behavior\ReadHtmlCacheBehavior [ RunTime:0.000000s ]
INFO: [ app_begin ] --END-- [ RunTime:0.000000s ]
SQL: 
			select 
				* 
			from 
				shop
			where kind=6 [ RunTime:0.0000s ]

[ 2015-03-19T09:17:30+08:00 ] 127.0.0.1 /shop/index.php/home/Index/kind
INFO: [ app_init ] --START--
INFO: Run Behavior\BuildLiteBehavior [ RunTime:0.000000s ]
INFO: [ app_init ] --END-- [ RunTime:0.000000s ]
INFO: [ app_begin ] --START--
INFO: Run Behavior\ReadHtmlCacheBehavior [ RunTime:0.000000s ]
INFO: [ app_begin ] --END-- [ RunTime:0.000000s ]
SQL: 
			select 
				* 
			from 
				shop
			where kind=7 [ RunTime:0.0000s ]

[ 2015-03-19T09:17:31+08:00 ] 127.0.0.1 /shop/index.php/home/Index/kind
INFO: [ app_init ] --START--
INFO: Run Behavior\BuildLiteBehavior [ RunTime:0.000000s ]
INFO: [ app_init ] --END-- [ RunTime:0.000000s ]
INFO: [ app_begin ] --START--
INFO: Run Behavior\ReadHtmlCacheBehavior [ RunTime:0.000000s ]
INFO: [ app_begin ] --END-- [ RunTime:0.001001s ]
SQL: 
			select 
				* 
			from 
				shop
			where kind=2 [ RunTime:0.0000s ]

[ 2015-03-19T09:17:31+08:00 ] 127.0.0.1 /shop/index.php/home/Index/kind
INFO: [ app_init ] --START--
INFO: Run Behavior\BuildLiteBehavior [ RunTime:0.000000s ]
INFO: [ app_init ] --END-- [ RunTime:0.000000s ]
INFO: [ app_begin ] --START--
INFO: Run Behavior\ReadHtmlCacheBehavior [ RunTime:0.000000s ]
INFO: [ app_begin ] --END-- [ RunTime:0.000000s ]
SQL: 
			select 
				* 
			from 
				shop
			where kind=2 [ RunTime:0.0000s ]

[ 2015-03-19T09:17:31+08:00 ] 127.0.0.1 /shop/index.php/home/Index/kind
INFO: [ app_init ] --START--
INFO: Run Behavior\BuildLiteBehavior [ RunTime:0.000000s ]
INFO: [ app_init ] --END-- [ RunTime:0.001000s ]
INFO: [ app_begin ] --START--
INFO: Run Behavior\ReadHtmlCacheBehavior [ RunTime:0.001000s ]
INFO: [ app_begin ] --END-- [ RunTime:0.001000s ]
SQL: 
			select 
				* 
			from 
				shop
			where kind=2 [ RunTime:0.0000s ]

[ 2015-03-19T09:17:31+08:00 ] 127.0.0.1 /shop/index.php/home/Index/kind
INFO: [ app_init ] --START--
INFO: Run Behavior\BuildLiteBehavior [ RunTime:0.000000s ]
INFO: [ app_init ] --END-- [ RunTime:0.000000s ]
INFO: [ app_begin ] --START--
INFO: Run Behavior\ReadHtmlCacheBehavior [ RunTime:0.000000s ]
INFO: [ app_begin ] --END-- [ RunTime:0.001000s ]
SQL: 
			select 
				* 
			from 
				shop
			where kind=2 [ RunTime:0.0010s ]

[ 2015-03-19T09:17:31+08:00 ] 127.0.0.1 /shop/index.php/home/Index/kind
INFO: [ app_init ] --START--
INFO: Run Behavior\BuildLiteBehavior [ RunTime:0.000000s ]
INFO: [ app_init ] --END-- [ RunTime:0.001000s ]
INFO: [ app_begin ] --START--
INFO: Run Behavior\ReadHtmlCacheBehavior [ RunTime:0.000000s ]
INFO: [ app_begin ] --END-- [ RunTime:0.000000s ]
SQL: 
			select 
				* 
			from 
				shop
			where kind=3 [ RunTime:0.0010s ]

[ 2015-03-19T09:17:31+08:00 ] 127.0.0.1 /shop/index.php/home/Index/kind
INFO: [ app_init ] --START--
INFO: Run Behavior\BuildLiteBehavior [ RunTime:0.000000s ]
INFO: [ app_init ] --END-- [ RunTime:0.001000s ]
INFO: [ app_begin ] --START--
INFO: Run Behavior\ReadHtmlCacheBehavior [ RunTime:0.001000s ]
INFO: [ app_begin ] --END-- [ RunTime:0.001000s ]
SQL: 
			select 
				* 
			from 
				shop
			where kind=3 [ RunTime:0.0000s ]

[ 2015-03-19T09:17:31+08:00 ] 127.0.0.1 /shop/index.php/home/Index/kind
INFO: [ app_init ] --START--
INFO: Run Behavior\BuildLiteBehavior [ RunTime:0.000000s ]
INFO: [ app_init ] --END-- [ RunTime:0.001000s ]
INFO: [ app_begin ] --START--
INFO: Run Behavior\ReadHtmlCacheBehavior [ RunTime:0.001001s ]
INFO: [ app_begin ] --END-- [ RunTime:0.001001s ]
SQL: 
			select 
				* 
			from 
				shop
			where kind=3 [ RunTime:0.0000s ]

[ 2015-03-19T09:17:31+08:00 ] 127.0.0.1 /shop/index.php/home/Index/kind
INFO: [ app_init ] --START--
INFO: Run Behavior\BuildLiteBehavior [ RunTime:0.001000s ]
INFO: [ app_init ] --END-- [ RunTime:0.001000s ]
INFO: [ app_begin ] --START--
INFO: Run Behavior\ReadHtmlCacheBehavior [ RunTime:0.001000s ]
INFO: [ app_begin ] --END-- [ RunTime:0.001000s ]
SQL: 
			select 
				* 
			from 
				shop
			where kind=4 [ RunTime:0.0000s ]

[ 2015-03-19T09:17:31+08:00 ] 127.0.0.1 /shop/index.php/home/Index/kind
INFO: [ app_init ] --START--
INFO: Run Behavior\BuildLiteBehavior [ RunTime:0.000000s ]
INFO: [ app_init ] --END-- [ RunTime:0.000000s ]
INFO: [ app_begin ] --START--
INFO: Run Behavior\ReadHtmlCacheBehavior [ RunTime:0.001000s ]
INFO: [ app_begin ] --END-- [ RunTime:0.001000s ]
SQL: 
			select 
				* 
			from 
				shop
			where kind=4 [ RunTime:0.0000s ]

[ 2015-03-19T09:17:32+08:00 ] 127.0.0.1 /shop/index.php/home/Index/kind
INFO: [ app_init ] --START--
INFO: Run Behavior\BuildLiteBehavior [ RunTime:0.000000s ]
INFO: [ app_init ] --END-- [ RunTime:0.000000s ]
INFO: [ app_begin ] --START--
INFO: Run Behavior\ReadHtmlCacheBehavior [ RunTime:0.000000s ]
INFO: [ app_begin ] --END-- [ RunTime:0.000000s ]
SQL: 
			select 
				* 
			from 
				shop
			where kind=4 [ RunTime:0.0000s ]

[ 2015-03-19T09:17:32+08:00 ] 127.0.0.1 /shop/index.php/home/Index/kind
INFO: [ app_init ] --START--
INFO: Run Behavior\BuildLiteBehavior [ RunTime:0.000000s ]
INFO: [ app_init ] --END-- [ RunTime:0.000000s ]
INFO: [ app_begin ] --START--
INFO: Run Behavior\ReadHtmlCacheBehavior [ RunTime:0.000000s ]
INFO: [ app_begin ] --END-- [ RunTime:0.000000s ]
SQL: 
			select 
				* 
			from 
				shop
			where kind=5 [ RunTime:0.0000s ]

[ 2015-03-19T09:17:32+08:00 ] 127.0.0.1 /shop/index.php/home/Index/kind
INFO: [ app_init ] --START--
INFO: Run Behavior\BuildLiteBehavior [ RunTime:0.000000s ]
INFO: [ app_init ] --END-- [ RunTime:0.000000s ]
INFO: [ app_begin ] --START--
INFO: Run Behavior\ReadHtmlCacheBehavior [ RunTime:0.001000s ]
INFO: [ app_begin ] --END-- [ RunTime:0.001000s ]
SQL: 
			select 
				* 
			from 
				shop
			where kind=5 [ RunTime:0.0010s ]

[ 2015-03-19T09:17:32+08:00 ] 127.0.0.1 /shop/index.php/home/Index/kind
INFO: [ app_init ] --START--
INFO: Run Behavior\BuildLiteBehavior [ RunTime:0.000000s ]
INFO: [ app_init ] --END-- [ RunTime:0.000000s ]
INFO: [ app_begin ] --START--
INFO: Run Behavior\ReadHtmlCacheBehavior [ RunTime:0.000000s ]
INFO: [ app_begin ] --END-- [ RunTime:0.000000s ]
SQL: 
			select 
				* 
			from 
				shop
			where kind=5 [ RunTime:0.0000s ]

[ 2015-03-19T09:17:32+08:00 ] 127.0.0.1 /shop/index.php/home/Index/kind
INFO: [ app_init ] --START--
INFO: Run Behavior\BuildLiteBehavior [ RunTime:0.000000s ]
INFO: [ app_init ] --END-- [ RunTime:0.000000s ]
INFO: [ app_begin ] --START--
INFO: Run Behavior\ReadHtmlCacheBehavior [ RunTime:0.000000s ]
INFO: [ app_begin ] --END-- [ RunTime:0.000000s ]
SQL: 
			select 
				* 
			from 
				shop
			where kind=5 [ RunTime:0.0000s ]

[ 2015-03-19T09:17:33+08:00 ] 127.0.0.1 /shop/index.php/home/Index/kind
INFO: [ app_init ] --START--
INFO: Run Behavior\BuildLiteBehavior [ RunTime:0.000000s ]
INFO: [ app_init ] --END-- [ RunTime:0.001001s ]
INFO: [ app_begin ] --START--
INFO: Run Behavior\ReadHtmlCacheBehavior [ RunTime:0.001000s ]
INFO: [ app_begin ] --END-- [ RunTime:0.001000s ]
SQL: 
			select 
				* 
			from 
				shop
			where kind=3 [ RunTime:0.0010s ]

[ 2015-03-19T09:17:33+08:00 ] 127.0.0.1 /shop/index.php/home/Index/kind
INFO: [ app_init ] --START--
INFO: Run Behavior\BuildLiteBehavior [ RunTime:0.000000s ]
INFO: [ app_init ] --END-- [ RunTime:0.001000s ]
INFO: [ app_begin ] --START--
INFO: Run Behavior\ReadHtmlCacheBehavior [ RunTime:0.001000s ]
INFO: [ app_begin ] --END-- [ RunTime:0.001000s ]
SQL: 
			select 
				* 
			from 
				shop
			where kind=3 [ RunTime:0.0000s ]

[ 2015-03-19T09:17:33+08:00 ] 127.0.0.1 /shop/index.php/home/Index/kind
INFO: [ app_init ] --START--
INFO: Run Behavior\BuildLiteBehavior [ RunTime:0.000000s ]
INFO: [ app_init ] --END-- [ RunTime:0.001000s ]
INFO: [ app_begin ] --START--
INFO: Run Behavior\ReadHtmlCacheBehavior [ RunTime:0.001000s ]
INFO: [ app_begin ] --END-- [ RunTime:0.001000s ]
SQL: 
			select 
				* 
			from 
				shop
			where kind=2 [ RunTime:0.0000s ]

[ 2015-03-19T09:17:33+08:00 ] 127.0.0.1 /shop/index.php/home/Index/kind
INFO: [ app_init ] --START--
INFO: Run Behavior\BuildLiteBehavior [ RunTime:0.000000s ]
INFO: [ app_init ] --END-- [ RunTime:0.001000s ]
INFO: [ app_begin ] --START--
INFO: Run Behavior\ReadHtmlCacheBehavior [ RunTime:0.001001s ]
INFO: [ app_begin ] --END-- [ RunTime:0.001001s ]
SQL: 
			select 
				* 
			from 
				shop
			where kind=2 [ RunTime:0.0000s ]

[ 2015-03-19T09:17:33+08:00 ] 127.0.0.1 /shop/index.php/home/Index/kind
INFO: [ app_init ] --START--
INFO: Run Behavior\BuildLiteBehavior [ RunTime:0.000000s ]
INFO: [ app_init ] --END-- [ RunTime:0.000000s ]
INFO: [ app_begin ] --START--
INFO: Run Behavior\ReadHtmlCacheBehavior [ RunTime:0.000000s ]
INFO: [ app_begin ] --END-- [ RunTime:0.000000s ]
SQL: 
			select 
				* 
			from 
				shop
			where kind=2 [ RunTime:0.0010s ]

[ 2015-03-19T09:17:33+08:00 ] 127.0.0.1 /shop/index.php/home/Index/kind
INFO: [ app_init ] --START--
INFO: Run Behavior\BuildLiteBehavior [ RunTime:0.000000s ]
INFO: [ app_init ] --END-- [ RunTime:0.000000s ]
INFO: [ app_begin ] --START--
INFO: Run Behavior\ReadHtmlCacheBehavior [ RunTime:0.001001s ]
INFO: [ app_begin ] --END-- [ RunTime:0.001001s ]
SQL: 
			select 
				* 
			from 
				shop
			where kind=2 [ RunTime:0.0010s ]

[ 2015-03-19T09:17:33+08:00 ] 127.0.0.1 /shop/index.php/home/Index/kind
INFO: [ app_init ] --START--
INFO: Run Behavior\BuildLiteBehavior [ RunTime:0.000000s ]
INFO: [ app_init ] --END-- [ RunTime:0.000000s ]
INFO: [ app_begin ] --START--
INFO: Run Behavior\ReadHtmlCacheBehavior [ RunTime:0.001000s ]
INFO: [ app_begin ] --END-- [ RunTime:0.001000s ]
SQL: 
			select 
				* 
			from 
				shop
			where kind=2 [ RunTime:0.0000s ]

[ 2015-03-19T09:17:34+08:00 ] 127.0.0.1 /shop/index.php/home/Index/kind
INFO: [ app_init ] --START--
INFO: Run Behavior\BuildLiteBehavior [ RunTime:0.000000s ]
INFO: [ app_init ] --END-- [ RunTime:0.000000s ]
INFO: [ app_begin ] --START--
INFO: Run Behavior\ReadHtmlCacheBehavior [ RunTime:0.000000s ]
INFO: [ app_begin ] --END-- [ RunTime:0.000000s ]
SQL: 
			select 
				* 
			from 
				shop
			where kind=2 [ RunTime:0.0000s ]

[ 2015-03-19T09:17:34+08:00 ] 127.0.0.1 /shop/index.php/Home/Index/detail.html?id=2
INFO: [ app_init ] --START--
INFO: Run Behavior\BuildLiteBehavior [ RunTime:0.000000s ]
INFO: [ app_init ] --END-- [ RunTime:0.001000s ]

[ 2015-03-19T09:17:36+08:00 ] 127.0.0.1 /shop/index.php/home/Index/shop
INFO: [ app_init ] --START--
INFO: Run Behavior\BuildLiteBehavior [ RunTime:0.001000s ]
INFO: [ app_init ] --END-- [ RunTime:0.001000s ]
INFO: [ app_begin ] --START--
INFO: Run Behavior\ReadHtmlCacheBehavior [ RunTime:0.001000s ]
INFO: [ app_begin ] --END-- [ RunTime:0.001000s ]
NOTIC: [8] Undefined index: goods_id G:\phpStudy\WWW\shop\shop\Home\Controller\IndexController.class.php 第 151 行.
NOTIC: [8] Undefined index: goods_id G:\phpStudy\WWW\shop\shop\Home\Controller\IndexController.class.php 第 159 行.

[ 2015-03-19T09:17:37+08:00 ] 127.0.0.1 /shop/index.php/home/Index/shop
INFO: [ app_init ] --START--
INFO: Run Behavior\BuildLiteBehavior [ RunTime:0.000000s ]
INFO: [ app_init ] --END-- [ RunTime:0.000000s ]
INFO: [ app_begin ] --START--
INFO: Run Behavior\ReadHtmlCacheBehavior [ RunTime:0.000000s ]
INFO: [ app_begin ] --END-- [ RunTime:0.000000s ]

[ 2015-03-19T09:17:39+08:00 ] 127.0.0.1 /shop/index.php/home/Index/shop
INFO: [ app_init ] --START--
INFO: Run Behavior\BuildLiteBehavior [ RunTime:0.000000s ]
INFO: [ app_init ] --END-- [ RunTime:0.001000s ]
INFO: [ app_begin ] --START--
INFO: Run Behavior\ReadHtmlCacheBehavior [ RunTime:0.001000s ]
INFO: [ app_begin ] --END-- [ RunTime:0.001000s ]

[ 2015-03-19T09:17:41+08:00 ] 127.0.0.1 /shop/index.php/Home/Shop/index.html
INFO: [ app_init ] --START--
INFO: Run Behavior\BuildLiteBehavior [ RunTime:0.000000s ]
INFO: [ app_init ] --END-- [ RunTime:0.000000s ]

[ 2015-03-19T09:17:45+08:00 ] 127.0.0.1 /shop/index.php/Home/Login/index.html
INFO: [ app_init ] --START--
INFO: Run Behavior\BuildLiteBehavior [ RunTime:0.000000s ]
INFO: [ app_init ] --END-- [ RunTime:0.000000s ]

[ 2015-03-19T09:17:51+08:00 ] 127.0.0.1 /shop/index.php/Home/Login/login.html
INFO: [ app_init ] --START--
INFO: Run Behavior\BuildLiteBehavior [ RunTime:0.000000s ]
INFO: [ app_init ] --END-- [ RunTime:0.000000s ]

[ 2015-03-19T09:17:52+08:00 ] 127.0.0.1 /shop/index.php/Home/index/index.html
INFO: [ app_init ] --START--
INFO: Run Behavior\BuildLiteBehavior [ RunTime:0.000000s ]
INFO: [ app_init ] --END-- [ RunTime:0.000000s ]

[ 2015-03-19T09:17:52+08:00 ] 127.0.0.1 /shop/index.php/home/Index/kind
INFO: [ app_init ] --START--
INFO: Run Behavior\BuildLiteBehavior [ RunTime:0.000000s ]
INFO: [ app_init ] --END-- [ RunTime:0.000000s ]
INFO: [ app_begin ] --START--
INFO: Run Behavior\ReadHtmlCacheBehavior [ RunTime:0.000000s ]
INFO: [ app_begin ] --END-- [ RunTime:0.000000s ]
SQL: 
			select 
				* 
			from 
				shop
			where kind=3 [ RunTime:0.0000s ]

[ 2015-03-19T09:17:53+08:00 ] 127.0.0.1 /shop/index.php/home/Index/kind
INFO: [ app_init ] --START--
INFO: Run Behavior\BuildLiteBehavior [ RunTime:0.000000s ]
INFO: [ app_init ] --END-- [ RunTime:0.001000s ]
INFO: [ app_begin ] --START--
INFO: Run Behavior\ReadHtmlCacheBehavior [ RunTime:0.001000s ]
INFO: [ app_begin ] --END-- [ RunTime:0.001000s ]
SQL: 
			select 
				* 
			from 
				shop
			where kind=2 [ RunTime:0.0010s ]

[ 2015-03-19T09:17:53+08:00 ] 127.0.0.1 /shop/index.php/home/Index/kind
INFO: [ app_init ] --START--
INFO: Run Behavior\BuildLiteBehavior [ RunTime:0.000000s ]
INFO: [ app_init ] --END-- [ RunTime:0.000000s ]
INFO: [ app_begin ] --START--
INFO: Run Behavior\ReadHtmlCacheBehavior [ RunTime:0.000000s ]
INFO: [ app_begin ] --END-- [ RunTime:0.000000s ]
SQL: 
			select 
				* 
			from 
				shop
			where kind=1 [ RunTime:0.0000s ]

[ 2015-03-19T09:18:00+08:00 ] 127.0.0.1 /shop/index.php/Home/Admin/index.html
INFO: [ app_init ] --START--
INFO: Run Behavior\BuildLiteBehavior [ RunTime:0.000000s ]
INFO: [ app_init ] --END-- [ RunTime:0.000000s ]

[ 2015-03-19T09:18:00+08:00 ] 127.0.0.1 /shop/index.php/Home/Admin/verify.html
INFO: [ app_init ] --START--
INFO: Run Behavior\BuildLiteBehavior [ RunTime:0.000000s ]
INFO: [ app_init ] --END-- [ RunTime:0.000000s ]

[ 2015-03-19T09:18:04+08:00 ] 127.0.0.1 /shop/index.php/Home/Admin/verify.html?random=0.1063484146345196
INFO: [ app_init ] --START--
INFO: Run Behavior\BuildLiteBehavior [ RunTime:0.000000s ]
INFO: [ app_init ] --END-- [ RunTime:0.000000s ]

[ 2015-03-19T09:18:04+08:00 ] 127.0.0.1 /shop/index.php/Home/Admin/verify.html?random=0.2110130693572373
INFO: [ app_init ] --START--
INFO: Run Behavior\BuildLiteBehavior [ RunTime:0.000000s ]
INFO: [ app_init ] --END-- [ RunTime:0.000000s ]

[ 2015-03-19T09:18:09+08:00 ] 127.0.0.1 /shop/index.php/Home/Admin/check.html
INFO: [ app_init ] --START--
INFO: Run Behavior\BuildLiteBehavior [ RunTime:0.000000s ]
INFO: [ app_init ] --END-- [ RunTime:0.000000s ]

[ 2015-03-19T09:18:10+08:00 ] 127.0.0.1 /shop/index.php/Home/Admin/manager
INFO: [ app_init ] --START--
INFO: Run Behavior\BuildLiteBehavior [ RunTime:0.000000s ]
INFO: [ app_init ] --END-- [ RunTime:0.000000s ]

[ 2015-03-19T09:18:15+08:00 ] 127.0.0.1 /shop/index.php/Home/Admin/add.html
INFO: [ app_init ] --START--
INFO: Run Behavior\BuildLiteBehavior [ RunTime:0.000000s ]
INFO: [ app_init ] --END-- [ RunTime:0.000000s ]

