[ 2015-03-31T22:25:59+08:00 ] 127.0.0.1 /shop/
INFO: [ app_init ] --START--
INFO: Run Behavior\BuildLiteBehavior [ RunTime:0.000000s ]
INFO: [ app_init ] --END-- [ RunTime:0.023001s ]

[ 2015-03-31T22:26:24+08:00 ] 127.0.0.1 /shop/index.php/home/Index/INDEX
INFO: [ app_init ] --START--
INFO: Run Behavior\BuildLiteBehavior [ RunTime:0.000000s ]
INFO: [ app_init ] --END-- [ RunTime:0.000000s ]

[ 2015-03-31T22:26:41+08:00 ] 127.0.0.1 /shop/index.php/home/Index/INDEX
INFO: [ app_init ] --START--
INFO: Run Behavior\BuildLiteBehavior [ RunTime:0.000000s ]
INFO: [ app_init ] --END-- [ RunTime:0.001000s ]

[ 2015-03-31T22:26:42+08:00 ] 127.0.0.1 /shop/index.php/home/Index/kind
INFO: [ app_init ] --START--
INFO: Run Behavior\BuildLiteBehavior [ RunTime:0.000000s ]
INFO: [ app_init ] --END-- [ RunTime:0.001000s ]
INFO: [ app_begin ] --START--
INFO: Run Behavior\ReadHtmlCacheBehavior [ RunTime:0.000000s ]
INFO: [ app_begin ] --END-- [ RunTime:0.000000s ]
SQL: 
			select 
				* 
			from 
				shop
			where kind=3 [ RunTime:0.0000s ]

[ 2015-03-31T22:26:42+08:00 ] 127.0.0.1 /shop/index.php/home/Index/kind
INFO: [ app_init ] --START--
INFO: Run Behavior\BuildLiteBehavior [ RunTime:0.000000s ]
INFO: [ app_init ] --END-- [ RunTime:0.001000s ]
INFO: [ app_begin ] --START--
INFO: Run Behavior\ReadHtmlCacheBehavior [ RunTime:0.000000s ]
INFO: [ app_begin ] --END-- [ RunTime:0.001000s ]
SQL: 
			select 
				* 
			from 
				shop
			where kind=4 [ RunTime:0.0000s ]

[ 2015-03-31T22:26:42+08:00 ] 127.0.0.1 /shop/index.php/home/Index/kind
INFO: [ app_init ] --START--
INFO: Run Behavior\BuildLiteBehavior [ RunTime:0.000000s ]
INFO: [ app_init ] --END-- [ RunTime:0.000000s ]
INFO: [ app_begin ] --START--
INFO: Run Behavior\ReadHtmlCacheBehavior [ RunTime:0.000000s ]
INFO: [ app_begin ] --END-- [ RunTime:0.001000s ]
SQL: 
			select 
				* 
			from 
				shop
			where kind=5 [ RunTime:0.0000s ]

[ 2015-03-31T22:26:42+08:00 ] 127.0.0.1 /shop/index.php/home/Index/kind
INFO: [ app_init ] --START--
INFO: Run Behavior\BuildLiteBehavior [ RunTime:0.000000s ]
INFO: [ app_init ] --END-- [ RunTime:0.000000s ]
INFO: [ app_begin ] --START--
INFO: Run Behavior\ReadHtmlCacheBehavior [ RunTime:0.001000s ]
INFO: [ app_begin ] --END-- [ RunTime:0.001000s ]
SQL: 
			select 
				* 
			from 
				shop
			where kind=5 [ RunTime:0.0000s ]

[ 2015-03-31T22:26:42+08:00 ] 127.0.0.1 /shop/index.php/home/Index/kind
INFO: [ app_init ] --START--
INFO: Run Behavior\BuildLiteBehavior [ RunTime:0.000000s ]
INFO: [ app_init ] --END-- [ RunTime:0.000000s ]
INFO: [ app_begin ] --START--
INFO: Run Behavior\ReadHtmlCacheBehavior [ RunTime:0.001000s ]
INFO: [ app_begin ] --END-- [ RunTime:0.001000s ]
SQL: 
			select 
				* 
			from 
				shop
			where kind=5 [ RunTime:0.0000s ]

[ 2015-03-31T22:26:42+08:00 ] 127.0.0.1 /shop/index.php/home/Index/kind
INFO: [ app_init ] --START--
INFO: Run Behavior\BuildLiteBehavior [ RunTime:0.000000s ]
INFO: [ app_init ] --END-- [ RunTime:0.000000s ]
INFO: [ app_begin ] --START--
INFO: Run Behavior\ReadHtmlCacheBehavior [ RunTime:0.000000s ]
INFO: [ app_begin ] --END-- [ RunTime:0.001000s ]
SQL: 
			select 
				* 
			from 
				shop
			where kind=4 [ RunTime:0.0000s ]

[ 2015-03-31T22:26:42+08:00 ] 127.0.0.1 /shop/index.php/home/Index/kind
INFO: [ app_init ] --START--
INFO: Run Behavior\BuildLiteBehavior [ RunTime:0.000000s ]
INFO: [ app_init ] --END-- [ RunTime:0.001000s ]
INFO: [ app_begin ] --START--
INFO: Run Behavior\ReadHtmlCacheBehavior [ RunTime:0.000000s ]
INFO: [ app_begin ] --END-- [ RunTime:0.000000s ]
SQL: 
			select 
				* 
			from 
				shop
			where kind=4 [ RunTime:0.0000s ]

[ 2015-03-31T22:26:43+08:00 ] 127.0.0.1 /shop/index.php/home/Index/INDEX
INFO: [ app_init ] --START--
INFO: Run Behavior\BuildLiteBehavior [ RunTime:0.000000s ]
INFO: [ app_init ] --END-- [ RunTime:0.001000s ]

[ 2015-03-31T22:29:18+08:00 ] 127.0.0.1 /shop/index.php/home/Index/INDEX
INFO: [ app_init ] --START--
INFO: Run Behavior\BuildLiteBehavior [ RunTime:0.000000s ]
INFO: [ app_init ] --END-- [ RunTime:0.001000s ]

[ 2015-03-31T22:29:19+08:00 ] 127.0.0.1 /shop/index.php/home/Index/INDEX
INFO: [ app_init ] --START--
INFO: Run Behavior\BuildLiteBehavior [ RunTime:0.000000s ]
INFO: [ app_init ] --END-- [ RunTime:0.001000s ]

[ 2015-03-31T22:29:19+08:00 ] 127.0.0.1 /shop/index.php/home/Index/INDEX
INFO: [ app_init ] --START--
INFO: Run Behavior\BuildLiteBehavior [ RunTime:0.000000s ]
INFO: [ app_init ] --END-- [ RunTime:0.001000s ]

[ 2015-03-31T22:31:36+08:00 ] 127.0.0.1 /shop/index.php/home/Index/kind
INFO: [ app_init ] --START--
INFO: Run Behavior\BuildLiteBehavior [ RunTime:0.000000s ]
INFO: [ app_init ] --END-- [ RunTime:0.000000s ]
INFO: [ app_begin ] --START--
INFO: Run Behavior\ReadHtmlCacheBehavior [ RunTime:0.001000s ]
INFO: [ app_begin ] --END-- [ RunTime:0.001000s ]
SQL: 
			select 
				* 
			from 
				shop
			where kind=10 [ RunTime:0.0010s ]

[ 2015-03-31T22:31:36+08:00 ] 127.0.0.1 /shop/index.php/home/Index/kind
INFO: [ app_init ] --START--
INFO: Run Behavior\BuildLiteBehavior [ RunTime:0.000000s ]
INFO: [ app_init ] --END-- [ RunTime:0.001000s ]
INFO: [ app_begin ] --START--
INFO: Run Behavior\ReadHtmlCacheBehavior [ RunTime:0.000000s ]
INFO: [ app_begin ] --END-- [ RunTime:0.000000s ]
SQL: 
			select 
				* 
			from 
				shop
			where kind=10 [ RunTime:0.0010s ]

[ 2015-03-31T22:31:36+08:00 ] 127.0.0.1 /shop/index.php/home/Index/kind
INFO: [ app_init ] --START--
INFO: Run Behavior\BuildLiteBehavior [ RunTime:0.000000s ]
INFO: [ app_init ] --END-- [ RunTime:0.000000s ]
INFO: [ app_begin ] --START--
INFO: Run Behavior\ReadHtmlCacheBehavior [ RunTime:0.000000s ]
INFO: [ app_begin ] --END-- [ RunTime:0.000000s ]
SQL: 
			select 
				* 
			from 
				shop
			where kind=9 [ RunTime:0.0000s ]

[ 2015-03-31T22:31:37+08:00 ] 127.0.0.1 /shop/index.php/home/Index/kind
INFO: [ app_init ] --START--
INFO: Run Behavior\BuildLiteBehavior [ RunTime:0.000000s ]
INFO: [ app_init ] --END-- [ RunTime:0.000000s ]
INFO: [ app_begin ] --START--
INFO: Run Behavior\ReadHtmlCacheBehavior [ RunTime:0.001000s ]
INFO: [ app_begin ] --END-- [ RunTime:0.002000s ]
SQL: 
			select 
				* 
			from 
				shop
			where kind=9 [ RunTime:0.0000s ]

[ 2015-03-31T22:31:37+08:00 ] 127.0.0.1 /shop/index.php/home/Index/INDEX
INFO: [ app_init ] --START--
INFO: Run Behavior\BuildLiteBehavior [ RunTime:0.000000s ]
INFO: [ app_init ] --END-- [ RunTime:0.001000s ]

[ 2015-03-31T22:31:37+08:00 ] 127.0.0.1 /shop/index.php/home/Index/Public/bootstrap/js/bootstrap.min.js
INFO: [ app_init ] --START--
INFO: Run Behavior\BuildLiteBehavior [ RunTime:0.000000s ]
INFO: [ app_init ] --END-- [ RunTime:0.000000s ]
ERR: 非法操作:Public

[ 2015-03-31T22:31:40+08:00 ] 127.0.0.1 /shop/index.php/home/Index/INDEX
INFO: [ app_init ] --START--
INFO: Run Behavior\BuildLiteBehavior [ RunTime:0.000000s ]
INFO: [ app_init ] --END-- [ RunTime:0.001000s ]

[ 2015-03-31T22:32:00+08:00 ] 127.0.0.1 /shop/index.php/home/Index/INDEX
INFO: [ app_init ] --START--
INFO: Run Behavior\BuildLiteBehavior [ RunTime:0.000000s ]
INFO: [ app_init ] --END-- [ RunTime:0.000000s ]

[ 2015-03-31T22:32:02+08:00 ] 127.0.0.1 /shop/index.php/home/Index/INDEX
INFO: [ app_init ] --START--
INFO: Run Behavior\BuildLiteBehavior [ RunTime:0.000000s ]
INFO: [ app_init ] --END-- [ RunTime:0.000000s ]

[ 2015-03-31T22:32:33+08:00 ] 127.0.0.1 /shop/index.php/home/Index/kind
INFO: [ app_init ] --START--
INFO: Run Behavior\BuildLiteBehavior [ RunTime:0.001000s ]
INFO: [ app_init ] --END-- [ RunTime:0.001000s ]
INFO: [ app_begin ] --START--
INFO: Run Behavior\ReadHtmlCacheBehavior [ RunTime:0.000000s ]
INFO: [ app_begin ] --END-- [ RunTime:0.000000s ]
SQL: 
			select 
				* 
			from 
				shop
			where kind=10 [ RunTime:0.0000s ]

[ 2015-03-31T22:32:33+08:00 ] 127.0.0.1 /shop/index.php/home/Index/kind
INFO: [ app_init ] --START--
INFO: Run Behavior\BuildLiteBehavior [ RunTime:0.000000s ]
INFO: [ app_init ] --END-- [ RunTime:0.000000s ]
INFO: [ app_begin ] --START--
INFO: Run Behavior\ReadHtmlCacheBehavior [ RunTime:0.001000s ]
INFO: [ app_begin ] --END-- [ RunTime:0.001000s ]
SQL: 
			select 
				* 
			from 
				shop
			where kind=9 [ RunTime:0.0000s ]

[ 2015-03-31T22:32:33+08:00 ] 127.0.0.1 /shop/index.php/home/Index/kind
INFO: [ app_init ] --START--
INFO: Run Behavior\BuildLiteBehavior [ RunTime:0.000000s ]
INFO: [ app_init ] --END-- [ RunTime:0.001000s ]
INFO: [ app_begin ] --START--
INFO: Run Behavior\ReadHtmlCacheBehavior [ RunTime:0.000000s ]
INFO: [ app_begin ] --END-- [ RunTime:0.000000s ]
SQL: 
			select 
				* 
			from 
				shop
			where kind=8 [ RunTime:0.0000s ]

[ 2015-03-31T22:32:33+08:00 ] 127.0.0.1 /shop/index.php/home/Index/kind
INFO: [ app_init ] --START--
INFO: Run Behavior\BuildLiteBehavior [ RunTime:0.000000s ]
INFO: [ app_init ] --END-- [ RunTime:0.000000s ]
INFO: [ app_begin ] --START--
INFO: Run Behavior\ReadHtmlCacheBehavior [ RunTime:0.001000s ]
INFO: [ app_begin ] --END-- [ RunTime:0.001000s ]
SQL: 
			select 
				* 
			from 
				shop
			where kind=7 [ RunTime:0.0000s ]

[ 2015-03-31T22:32:35+08:00 ] 127.0.0.1 /shop/index.php/home/Index/INDEX
INFO: [ app_init ] --START--
INFO: Run Behavior\BuildLiteBehavior [ RunTime:0.000000s ]
INFO: [ app_init ] --END-- [ RunTime:0.001001s ]

[ 2015-03-31T22:33:01+08:00 ] 127.0.0.1 /shop/index.php/home/Index/INDEX
INFO: [ app_init ] --START--
INFO: Run Behavior\BuildLiteBehavior [ RunTime:0.000000s ]
INFO: [ app_init ] --END-- [ RunTime:0.001000s ]

[ 2015-03-31T22:33:02+08:00 ] 127.0.0.1 /shop/index.php/home/Index/INDEX
INFO: [ app_init ] --START--
INFO: Run Behavior\BuildLiteBehavior [ RunTime:0.000000s ]
INFO: [ app_init ] --END-- [ RunTime:0.000000s ]

[ 2015-03-31T22:33:02+08:00 ] 127.0.0.1 /shop/index.php/home/Index/INDEX
INFO: [ app_init ] --START--
INFO: Run Behavior\BuildLiteBehavior [ RunTime:0.000000s ]
INFO: [ app_init ] --END-- [ RunTime:0.001000s ]

[ 2015-03-31T22:33:57+08:00 ] 127.0.0.1 /shop/index.php/home/Index/kind
INFO: [ app_init ] --START--
INFO: Run Behavior\BuildLiteBehavior [ RunTime:0.000000s ]
INFO: [ app_init ] --END-- [ RunTime:0.002000s ]
INFO: [ app_begin ] --START--
INFO: Run Behavior\ReadHtmlCacheBehavior [ RunTime:0.001000s ]
INFO: [ app_begin ] --END-- [ RunTime:0.001000s ]
SQL: 
			select 
				* 
			from 
				shop
			where kind=9 [ RunTime:0.0000s ]

[ 2015-03-31T22:33:57+08:00 ] 127.0.0.1 /shop/index.php/home/Index/kind
INFO: [ app_init ] --START--
INFO: Run Behavior\BuildLiteBehavior [ RunTime:0.000000s ]
INFO: [ app_init ] --END-- [ RunTime:0.000000s ]
INFO: [ app_begin ] --START--
INFO: Run Behavior\ReadHtmlCacheBehavior [ RunTime:0.001000s ]
INFO: [ app_begin ] --END-- [ RunTime:0.001000s ]
SQL: 
			select 
				* 
			from 
				shop
			where kind=9 [ RunTime:0.0000s ]

[ 2015-03-31T22:33:57+08:00 ] 127.0.0.1 /shop/index.php/home/Index/kind
INFO: [ app_init ] --START--
INFO: Run Behavior\BuildLiteBehavior [ RunTime:0.000000s ]
INFO: [ app_init ] --END-- [ RunTime:0.000000s ]
INFO: [ app_begin ] --START--
INFO: Run Behavior\ReadHtmlCacheBehavior [ RunTime:0.001000s ]
INFO: [ app_begin ] --END-- [ RunTime:0.001000s ]
SQL: 
			select 
				* 
			from 
				shop
			where kind=10 [ RunTime:0.0000s ]

[ 2015-03-31T22:33:57+08:00 ] 127.0.0.1 /shop/index.php/home/Index/kind
INFO: [ app_init ] --START--
INFO: Run Behavior\BuildLiteBehavior [ RunTime:0.000000s ]
INFO: [ app_init ] --END-- [ RunTime:0.000000s ]
INFO: [ app_begin ] --START--
INFO: Run Behavior\ReadHtmlCacheBehavior [ RunTime:0.000000s ]
INFO: [ app_begin ] --END-- [ RunTime:0.001000s ]
SQL: 
			select 
				* 
			from 
				shop
			where kind=10 [ RunTime:0.0010s ]

[ 2015-03-31T22:34:49+08:00 ] 127.0.0.1 /shop/index.php/home/Index/kind
INFO: [ app_init ] --START--
INFO: Run Behavior\BuildLiteBehavior [ RunTime:0.000000s ]
INFO: [ app_init ] --END-- [ RunTime:0.000000s ]
INFO: [ app_begin ] --START--
INFO: Run Behavior\ReadHtmlCacheBehavior [ RunTime:0.000000s ]
INFO: [ app_begin ] --END-- [ RunTime:0.001000s ]
SQL: 
			select 
				* 
			from 
				shop
			where kind=6 [ RunTime:0.0000s ]

[ 2015-03-31T22:34:49+08:00 ] 127.0.0.1 /shop/index.php/home/Index/kind
INFO: [ app_init ] --START--
INFO: Run Behavior\BuildLiteBehavior [ RunTime:0.000000s ]
INFO: [ app_init ] --END-- [ RunTime:0.001000s ]
INFO: [ app_begin ] --START--
INFO: Run Behavior\ReadHtmlCacheBehavior [ RunTime:0.000000s ]
INFO: [ app_begin ] --END-- [ RunTime:0.000000s ]
SQL: 
			select 
				* 
			from 
				shop
			where kind=5 [ RunTime:0.0000s ]

[ 2015-03-31T22:34:49+08:00 ] 127.0.0.1 /shop/index.php/home/Index/kind
INFO: [ app_init ] --START--
INFO: Run Behavior\BuildLiteBehavior [ RunTime:0.000000s ]
INFO: [ app_init ] --END-- [ RunTime:0.000000s ]
INFO: [ app_begin ] --START--
INFO: Run Behavior\ReadHtmlCacheBehavior [ RunTime:0.000000s ]
INFO: [ app_begin ] --END-- [ RunTime:0.000000s ]
SQL: 
			select 
				* 
			from 
				shop
			where kind=4 [ RunTime:0.0000s ]

[ 2015-03-31T22:38:41+08:00 ] 127.0.0.1 /shop/index.php/home/Index/INDEX
INFO: [ app_init ] --START--
INFO: Run Behavior\BuildLiteBehavior [ RunTime:0.000000s ]
INFO: [ app_init ] --END-- [ RunTime:0.001000s ]

[ 2015-03-31T22:38:50+08:00 ] 127.0.0.1 /shop/index.php/home/Index/INDEX
INFO: [ app_init ] --START--
INFO: Run Behavior\BuildLiteBehavior [ RunTime:0.000000s ]
INFO: [ app_init ] --END-- [ RunTime:0.000000s ]

[ 2015-03-31T22:38:54+08:00 ] 127.0.0.1 /shop/index.php/home/Index/INDEX
INFO: [ app_init ] --START--
INFO: Run Behavior\BuildLiteBehavior [ RunTime:0.000000s ]
INFO: [ app_init ] --END-- [ RunTime:0.000000s ]

[ 2015-03-31T22:39:16+08:00 ] 127.0.0.1 /shop/index.php/home/Index/INDEX
INFO: [ app_init ] --START--
INFO: Run Behavior\BuildLiteBehavior [ RunTime:0.001000s ]
INFO: [ app_init ] --END-- [ RunTime:0.001000s ]

[ 2015-03-31T22:41:51+08:00 ] 127.0.0.1 /shop/index.php/home/Index/kind
INFO: [ app_init ] --START--
INFO: Run Behavior\BuildLiteBehavior [ RunTime:0.000000s ]
INFO: [ app_init ] --END-- [ RunTime:0.001000s ]
INFO: [ app_begin ] --START--
INFO: Run Behavior\ReadHtmlCacheBehavior [ RunTime:0.001000s ]
INFO: [ app_begin ] --END-- [ RunTime:0.001000s ]
SQL: 
			select 
				* 
			from 
				shop
			where kind=7 [ RunTime:0.0000s ]

[ 2015-03-31T22:41:52+08:00 ] 127.0.0.1 /shop/index.php/home/Index/kind
INFO: [ app_init ] --START--
INFO: Run Behavior\BuildLiteBehavior [ RunTime:0.000000s ]
INFO: [ app_init ] --END-- [ RunTime:0.000000s ]
INFO: [ app_begin ] --START--
INFO: Run Behavior\ReadHtmlCacheBehavior [ RunTime:0.000000s ]
INFO: [ app_begin ] --END-- [ RunTime:0.000000s ]
SQL: 
			select 
				* 
			from 
				shop
			where kind=7 [ RunTime:0.0000s ]

[ 2015-03-31T22:41:52+08:00 ] 127.0.0.1 /shop/index.php/home/Index/kind
INFO: [ app_init ] --START--
INFO: Run Behavior\BuildLiteBehavior [ RunTime:0.000000s ]
INFO: [ app_init ] --END-- [ RunTime:0.000000s ]
INFO: [ app_begin ] --START--
INFO: Run Behavior\ReadHtmlCacheBehavior [ RunTime:0.001000s ]
INFO: [ app_begin ] --END-- [ RunTime:0.001000s ]
SQL: 
			select 
				* 
			from 
				shop
			where kind=6 [ RunTime:0.0010s ]

[ 2015-03-31T22:41:52+08:00 ] 127.0.0.1 /shop/index.php/home/Index/kind
INFO: [ app_init ] --START--
INFO: Run Behavior\BuildLiteBehavior [ RunTime:0.000000s ]
INFO: [ app_init ] --END-- [ RunTime:0.001000s ]
INFO: [ app_begin ] --START--
INFO: Run Behavior\ReadHtmlCacheBehavior [ RunTime:0.000000s ]
INFO: [ app_begin ] --END-- [ RunTime:0.000000s ]
SQL: 
			select 
				* 
			from 
				shop
			where kind=5 [ RunTime:0.0000s ]

[ 2015-03-31T22:41:52+08:00 ] 127.0.0.1 /shop/index.php/home/Index/kind
INFO: [ app_init ] --START--
INFO: Run Behavior\BuildLiteBehavior [ RunTime:0.000000s ]
INFO: [ app_init ] --END-- [ RunTime:0.001000s ]
INFO: [ app_begin ] --START--
INFO: Run Behavior\ReadHtmlCacheBehavior [ RunTime:0.000000s ]
INFO: [ app_begin ] --END-- [ RunTime:0.000000s ]
SQL: 
			select 
				* 
			from 
				shop
			where kind=4 [ RunTime:0.0000s ]

[ 2015-03-31T22:41:52+08:00 ] 127.0.0.1 /shop/index.php/home/Index/kind
INFO: [ app_init ] --START--
INFO: Run Behavior\BuildLiteBehavior [ RunTime:0.000000s ]
INFO: [ app_init ] --END-- [ RunTime:0.001000s ]
INFO: [ app_begin ] --START--
INFO: Run Behavior\ReadHtmlCacheBehavior [ RunTime:0.000000s ]
INFO: [ app_begin ] --END-- [ RunTime:0.001000s ]
SQL: 
			select 
				* 
			from 
				shop
			where kind=3 [ RunTime:0.0010s ]

[ 2015-03-31T22:41:53+08:00 ] 127.0.0.1 /shop/index.php/home/Index/kind
INFO: [ app_init ] --START--
INFO: Run Behavior\BuildLiteBehavior [ RunTime:0.000000s ]
INFO: [ app_init ] --END-- [ RunTime:0.000000s ]
INFO: [ app_begin ] --START--
INFO: Run Behavior\ReadHtmlCacheBehavior [ RunTime:0.000000s ]
INFO: [ app_begin ] --END-- [ RunTime:0.000000s ]
SQL: 
			select 
				* 
			from 
				shop
			where kind=2 [ RunTime:0.0010s ]

[ 2015-03-31T22:41:53+08:00 ] 127.0.0.1 /shop/index.php/home/Index/kind
INFO: [ app_init ] --START--
INFO: Run Behavior\BuildLiteBehavior [ RunTime:0.000000s ]
INFO: [ app_init ] --END-- [ RunTime:0.001000s ]
INFO: [ app_begin ] --START--
INFO: Run Behavior\ReadHtmlCacheBehavior [ RunTime:0.000000s ]
INFO: [ app_begin ] --END-- [ RunTime:0.000000s ]
SQL: 
			select 
				* 
			from 
				shop
			where kind=2 [ RunTime:0.0000s ]

[ 2015-03-31T22:41:53+08:00 ] 127.0.0.1 /shop/index.php/home/Index/kind
INFO: [ app_init ] --START--
INFO: Run Behavior\BuildLiteBehavior [ RunTime:0.000000s ]
INFO: [ app_init ] --END-- [ RunTime:0.001000s ]
INFO: [ app_begin ] --START--
INFO: Run Behavior\ReadHtmlCacheBehavior [ RunTime:0.001000s ]
INFO: [ app_begin ] --END-- [ RunTime:0.001000s ]
SQL: 
			select 
				* 
			from 
				shop
			where kind=3 [ RunTime:0.0000s ]

[ 2015-03-31T22:41:53+08:00 ] 127.0.0.1 /shop/index.php/home/Index/kind
INFO: [ app_init ] --START--
INFO: Run Behavior\BuildLiteBehavior [ RunTime:0.000000s ]
INFO: [ app_init ] --END-- [ RunTime:0.000000s ]
INFO: [ app_begin ] --START--
INFO: Run Behavior\ReadHtmlCacheBehavior [ RunTime:0.001000s ]
INFO: [ app_begin ] --END-- [ RunTime:0.001000s ]
SQL: 
			select 
				* 
			from 
				shop
			where kind=4 [ RunTime:0.0000s ]

[ 2015-03-31T22:41:53+08:00 ] 127.0.0.1 /shop/index.php/home/Index/kind
INFO: [ app_init ] --START--
INFO: Run Behavior\BuildLiteBehavior [ RunTime:0.000000s ]
INFO: [ app_init ] --END-- [ RunTime:0.000000s ]
INFO: [ app_begin ] --START--
INFO: Run Behavior\ReadHtmlCacheBehavior [ RunTime:0.001000s ]
INFO: [ app_begin ] --END-- [ RunTime:0.001000s ]
SQL: 
			select 
				* 
			from 
				shop
			where kind=5 [ RunTime:0.0000s ]

[ 2015-03-31T22:41:53+08:00 ] 127.0.0.1 /shop/index.php/home/Index/kind
INFO: [ app_init ] --START--
INFO: Run Behavior\BuildLiteBehavior [ RunTime:0.000000s ]
INFO: [ app_init ] --END-- [ RunTime:0.001000s ]
INFO: [ app_begin ] --START--
INFO: Run Behavior\ReadHtmlCacheBehavior [ RunTime:0.001001s ]
INFO: [ app_begin ] --END-- [ RunTime:0.001001s ]
SQL: 
			select 
				* 
			from 
				shop
			where kind=6 [ RunTime:0.0000s ]

[ 2015-03-31T22:41:53+08:00 ] 127.0.0.1 /shop/index.php/home/Index/kind
INFO: [ app_init ] --START--
INFO: Run Behavior\BuildLiteBehavior [ RunTime:0.000000s ]
INFO: [ app_init ] --END-- [ RunTime:0.001000s ]
INFO: [ app_begin ] --START--
INFO: Run Behavior\ReadHtmlCacheBehavior [ RunTime:0.001000s ]
INFO: [ app_begin ] --END-- [ RunTime:0.001000s ]
SQL: 
			select 
				* 
			from 
				shop
			where kind=7 [ RunTime:0.0000s ]

[ 2015-03-31T22:41:53+08:00 ] 127.0.0.1 /shop/index.php/home/Index/kind
INFO: [ app_init ] --START--
INFO: Run Behavior\BuildLiteBehavior [ RunTime:0.000000s ]
INFO: [ app_init ] --END-- [ RunTime:0.001000s ]
INFO: [ app_begin ] --START--
INFO: Run Behavior\ReadHtmlCacheBehavior [ RunTime:0.001000s ]
INFO: [ app_begin ] --END-- [ RunTime:0.001000s ]
SQL: 
			select 
				* 
			from 
				shop
			where kind=8 [ RunTime:0.0000s ]

[ 2015-03-31T22:41:53+08:00 ] 127.0.0.1 /shop/index.php/home/Index/kind
INFO: [ app_init ] --START--
INFO: Run Behavior\BuildLiteBehavior [ RunTime:0.000000s ]
INFO: [ app_init ] --END-- [ RunTime:0.000000s ]
INFO: [ app_begin ] --START--
INFO: Run Behavior\ReadHtmlCacheBehavior [ RunTime:0.000000s ]
INFO: [ app_begin ] --END-- [ RunTime:0.000000s ]
SQL: 
			select 
				* 
			from 
				shop
			where kind=9 [ RunTime:0.0000s ]

[ 2015-03-31T22:41:53+08:00 ] 127.0.0.1 /shop/index.php/home/Index/kind
INFO: [ app_init ] --START--
INFO: Run Behavior\BuildLiteBehavior [ RunTime:0.000000s ]
INFO: [ app_init ] --END-- [ RunTime:0.000000s ]
INFO: [ app_begin ] --START--
INFO: Run Behavior\ReadHtmlCacheBehavior [ RunTime:0.001000s ]
INFO: [ app_begin ] --END-- [ RunTime:0.001000s ]
SQL: 
			select 
				* 
			from 
				shop
			where kind=8 [ RunTime:0.0000s ]

[ 2015-03-31T22:42:46+08:00 ] 127.0.0.1 /shop/index.php/home/Index/kind
INFO: [ app_init ] --START--
INFO: Run Behavior\BuildLiteBehavior [ RunTime:0.000000s ]
INFO: [ app_init ] --END-- [ RunTime:0.001000s ]
INFO: [ app_begin ] --START--
INFO: Run Behavior\ReadHtmlCacheBehavior [ RunTime:0.000000s ]
INFO: [ app_begin ] --END-- [ RunTime:0.000000s ]
SQL: 
			select 
				* 
			from 
				shop
			where kind=3 [ RunTime:0.0000s ]

[ 2015-03-31T22:42:50+08:00 ] 127.0.0.1 /shop/index.php/home/Index/kind
INFO: [ app_init ] --START--
INFO: Run Behavior\BuildLiteBehavior [ RunTime:0.000000s ]
INFO: [ app_init ] --END-- [ RunTime:0.001000s ]
INFO: [ app_begin ] --START--
INFO: Run Behavior\ReadHtmlCacheBehavior [ RunTime:0.001000s ]
INFO: [ app_begin ] --END-- [ RunTime:0.001000s ]
SQL: 
			select 
				* 
			from 
				shop
			where kind=7 [ RunTime:0.0010s ]

